Replace Part BA1 Buzzer in C:\Users\Khoa\YandexDisk\Kur_dien\Altium\KUR\Sch_Kur.SchDoc with Buzzer from Schlib_Kur.SchLib
Replace Part BQ1 Quartz resonator_8MHz in C:\Users\Khoa\YandexDisk\Kur_dien\Altium\KUR\Sch_Kur.SchDoc with Quartz resonator_8MHz from Schlib_Kur.SchLib
Replace Part C1 Cap_100nF in C:\Users\Khoa\YandexDisk\Kur_dien\Altium\KUR\Sch_Kur.SchDoc with Cap_100nF from Schlib_Kur.SchLib
Replace Part C2 ECAP_220uF in C:\Users\Khoa\YandexDisk\Kur_dien\Altium\KUR\Sch_Kur.SchDoc with ECAP_220uF from Schlib_Kur.SchLib
Replace Part C3 Cap_100nF in C:\Users\Khoa\YandexDisk\Kur_dien\Altium\KUR\Sch_Kur.SchDoc with Cap_100nF from Schlib_Kur.SchLib
Replace Part C4 ECAP_220uF in C:\Users\Khoa\YandexDisk\Kur_dien\Altium\KUR\Sch_Kur.SchDoc with ECAP_220uF from Schlib_Kur.SchLib
Replace Part C5 Cap_100nF in C:\Users\Khoa\YandexDisk\Kur_dien\Altium\KUR\Sch_Kur.SchDoc with Cap_100nF from Schlib_Kur.SchLib
Replace Part C6 Cap_22nF in C:\Users\Khoa\YandexDisk\Kur_dien\Altium\KUR\Sch_Kur.SchDoc with Cap_22nF from Schlib_Kur.SchLib
Replace Part C7 Cap_22nF in C:\Users\Khoa\YandexDisk\Kur_dien\Altium\KUR\Sch_Kur.SchDoc with Cap_22nF from Schlib_Kur.SchLib
Replace Part C8 Cap_100nF in C:\Users\Khoa\YandexDisk\Kur_dien\Altium\KUR\Sch_Kur.SchDoc with Cap_100nF from Schlib_Kur.SchLib
Replace Part C9 Cap_100nF in C:\Users\Khoa\YandexDisk\Kur_dien\Altium\KUR\Sch_Kur.SchDoc with Cap_100nF from Schlib_Kur.SchLib
Replace Part C10 Cap_100nF in C:\Users\Khoa\YandexDisk\Kur_dien\Altium\KUR\Sch_Kur.SchDoc with Cap_100nF from Schlib_Kur.SchLib
Replace Part C11 Cap_100nF in C:\Users\Khoa\YandexDisk\Kur_dien\Altium\KUR\Sch_Kur.SchDoc with Cap_100nF from Schlib_Kur.SchLib
Replace Part C12 Cap_100nF in C:\Users\Khoa\YandexDisk\Kur_dien\Altium\KUR\Sch_Kur.SchDoc with Cap_100nF from Schlib_Kur.SchLib
Replace Part C13 Cap_100nF in C:\Users\Khoa\YandexDisk\Kur_dien\Altium\KUR\Sch_Kur.SchDoc with Cap_100nF from Schlib_Kur.SchLib
Replace Part DA1 AMS1117-3.3 in C:\Users\Khoa\YandexDisk\Kur_dien\Altium\KUR\Sch_Kur.SchDoc with AMS1117-3.3 from Schlib_Kur.SchLib
Replace Part DA2 VBUS054B-HSF-GS08 in C:\Users\Khoa\YandexDisk\Kur_dien\Altium\KUR\Sch_Kur.SchDoc with VBUS054B-HSF-GS08 from Schlib_Kur.SchLib
Replace Part DD1 FT232RL in C:\Users\Khoa\YandexDisk\Kur_dien\Altium\KUR\Sch_Kur.SchDoc with FT232RL from Schlib_Kur.SchLib
Replace Part DD2 STM32F103C8T6 in C:\Users\Khoa\YandexDisk\Kur_dien\Altium\KUR\Sch_Kur.SchDoc with STM32F103C8T6 from Schlib_Kur.SchLib
Replace Part R1 Res_270 in C:\Users\Khoa\YandexDisk\Kur_dien\Altium\KUR\Sch_Kur.SchDoc with Res_270 from Schlib_Kur.SchLib
Replace Part R2 Res_270 in C:\Users\Khoa\YandexDisk\Kur_dien\Altium\KUR\Sch_Kur.SchDoc with Res_270 from Schlib_Kur.SchLib
Replace Part R3 Res_4K7 in C:\Users\Khoa\YandexDisk\Kur_dien\Altium\KUR\Sch_Kur.SchDoc with Res_4K7 from Schlib_Kur.SchLib
Replace Part R4 Res_4K7 in C:\Users\Khoa\YandexDisk\Kur_dien\Altium\KUR\Sch_Kur.SchDoc with Res_4K7 from Schlib_Kur.SchLib
Replace Part R5 Res_4K7 in C:\Users\Khoa\YandexDisk\Kur_dien\Altium\KUR\Sch_Kur.SchDoc with Res_4K7 from Schlib_Kur.SchLib
Replace Part R6 Res_22R in C:\Users\Khoa\YandexDisk\Kur_dien\Altium\KUR\Sch_Kur.SchDoc with Res_22R from Schlib_Kur.SchLib
Replace Part TP1 Test_point in C:\Users\Khoa\YandexDisk\Kur_dien\Altium\KUR\Sch_Kur.SchDoc with Test_point from Schlib_Kur.SchLib
Replace Part VD1 LED_red in C:\Users\Khoa\YandexDisk\Kur_dien\Altium\KUR\Sch_Kur.SchDoc with LED_red from Schlib_Kur.SchLib
Replace Part VD2 LED_green in C:\Users\Khoa\YandexDisk\Kur_dien\Altium\KUR\Sch_Kur.SchDoc with LED_green from Schlib_Kur.SchLib
Replace Part VT1 Trans_S9012_PNP in C:\Users\Khoa\YandexDisk\Kur_dien\Altium\KUR\Sch_Kur.SchDoc with Trans_S9012_PNP from Schlib_Kur.SchLib
Replace Part X1 Mini_USB in C:\Users\Khoa\YandexDisk\Kur_dien\Altium\KUR\Sch_Kur.SchDoc with Mini_USB from Schlib_Kur.SchLib
Replace Part X2 Gate_4pins in C:\Users\Khoa\YandexDisk\Kur_dien\Altium\KUR\Sch_Kur.SchDoc with Gate_4pins from Schlib_Kur.SchLib
